JVM info: Oracle Corporation - 1.8.0_251 - 25.251-b08
java.net.preferIPv4Stack=true
Found java version 1.8.0_251
Extractiung main jar:
  Extracted successfully
Considering minecraft server jar
  Downloading library from https://launcher.mojang.com/v1/objects/886945bfb2b978778c3a0288fd7fab09d315b25f/server.jar
    Download completed: Checksum validated.
Downloading libraries
Considering library net.minecraftforge:forge:1.12.2-14.23.5.2854
  Extracting library from /maven/net/minecraftforge/forge/1.12.2-14.23.5.2854/forge-1.12.2-14.23.5.2854.jar
    Extraction completed: Checksum validated.
Considering library org.ow2.asm:asm-debug-all:5.2
  Downloading library from https://files.minecraftforge.net/maven/org/ow2/asm/asm-debug-all/5.2/asm-debug-all-5.2.jar
    Download completed: Checksum validated.
Considering library net.minecraft:launchwrapper:1.12
  Downloading library from https://libraries.minecraft.net/net/minecraft/launchwrapper/1.12/launchwrapper-1.12.jar
    Download completed: Checksum validated.
Considering library org.jline:jline:3.5.1
  Downloading library from https://files.minecraftforge.net/maven/org/jline/jline/3.5.1/jline-3.5.1.jar
    Download completed: Checksum validated.
Considering library com.typesafe.akka:akka-actor_2.11:2.3.3
  Downloading library from https://files.minecraftforge.net/maven/com/typesafe/akka/akka-actor_2.11/2.3.3/akka-actor_2.11-2.3.3.jar
    Download completed: Checksum validated.
Considering library com.typesafe:config:1.2.1
  Downloading library from https://files.minecraftforge.net/maven/com/typesafe/config/1.2.1/config-1.2.1.jar
    Download completed: Checksum validated.
Considering library org.scala-lang:scala-actors-migration_2.11:1.1.0
  Downloading library from https://files.minecraftforge.net/maven/org/scala-lang/scala-actors-migration_2.11/1.1.0/scala-actors-migration_2.11-1.1.0.jar
    Download completed: Checksum validated.
Considering library org.scala-lang:scala-compiler:2.11.1
  Downloading library from https://files.minecraftforge.net/maven/org/scala-lang/scala-compiler/2.11.1/scala-compiler-2.11.1.jar
